Welcome to Xilinx CORE Generator.
Help system initialized.
The IP Catalog has been reloaded.
Opening project file /home/cqt/digital-servo/firmware/ipcore_dir/coregen.cgp.
WARNING:sim:991 - The project IP instance 'multiplier35x35' for IP 'Multiplier
   v11.2' was generated with a different version of the IP than is currently in
   the IP Catalog. It was originally generated using IP with the packaged
   timestamp '2011-06-21+06:26'; the IP in the current catalog has a different
   packaged timestamp '2013-07-22+11:36'. This mismatch is due to changes made
   to the IP in the user repositories. It may affect some functionality of the
   IP, if there are differences between these two versions of the IP.
Regenerate (Under Original Project Settings)INFO:sim:172 - Generating IP...
Resolving generic values...
Finished resolving generic values.
Generating IP...
WARNING:sim:471 - The chosen IP does not support a VHDL behavioral model,
   generating a VHDL structural model instead.
WARNING:sim:472 - The chosen IP does not support a Verilog behavioral model,
   generating a Verilog structural model instead.
WARNING:sim:89 - A core named <div_32_16> already exists in the output
   directory. Output products for this core may be overwritten.
ERROR:coreutil - Error occurred during initialization of VM
   java/lang/NoClassDefFoundError: java/lang/Object
ERROR:coreutil:1012 - Command '/bin/sh -c
   '/opt/Xilinx/14.7/ISE_DS/ISE/java/lin64/jre/bin/java   -cp
   ".:/opt/Xilinx/14.7/ISE_DS/ISE/coregen/lib/coreutil.jar:/opt/Xilinx/14.7/ISE_
   DS/ISE/coregen/lib/sim.jar:/opt/Xilinx/14.7/ISE_DS/ISE/coregen/lib/xcc.jar:/o
   pt/Xilinx/14.7/ISE_DS/ISE/coregen/lib/encore.jar:" -Djava.compiler=NONE
   -Xmx2048m -Xms10m -Xss1m -XX:-UsePerfData -d64
   com.xilinx.sim.netlisters.GenerationAPI   -cg_exp_inp ./tmp/_cg/xil_n97vmb.in
   -cg_exp_out ./tmp/_cg/xil_n97vmb.out'' returned a non-zero exit code '1'
ERROR:sim - Error found during generation.
Select Upgrade version, and Regenerate (Under Current Project Settings)INFO:sim:172 - Generating IP...
Applying current project options...
Finished applying current project options.
Starting IP Upgrade selector...
Finished IP upgrade selector.
Upgrading IP fifo_w16_4096_r16_4096 to Fifo Generator version 8.2
Launching upgrade viewer...
Launched upgrade viewer.
Resolving generics for 'fifo_w16_4096_r16_4096'...
WARNING:sim - A core named 'fifo_w16_4096_r16_4096' already exists in the
   project. Output products for this core may be overwritten.
Applying external generics to 'fifo_w16_4096_r16_4096'...
Delivering associated files for 'fifo_w16_4096_r16_4096'...
Delivering EJava files for 'fifo_w16_4096_r16_4096'...
Generating implementation netlist for 'fifo_w16_4096_r16_4096'...
INFO:sim - Pre-processing HDL files for 'fifo_w16_4096_r16_4096'...
WARNING:sim - BlackBox generator run option '-ifmt' found multiple times. Only
   the first occurence is considered.
Running synthesis for 'fifo_w16_4096_r16_4096'
Running ngcbuild...
Writing VHO instantiation template for 'fifo_w16_4096_r16_4096'...
Writing VEO instantiation template for 'fifo_w16_4096_r16_4096'...
Writing VHDL behavioral simulation model for 'fifo_w16_4096_r16_4096'...
Writing Verilog behavioral simulation model for 'fifo_w16_4096_r16_4096'...
Generating ASY schematic symbol...
INFO:sim:949 - Finished generation of ASY schematic symbol.
Generating metadata file...
Generating ISE project...
XCO file found: fifo_w16_4096_r16_4096.xco
XMDF file found: fifo_w16_4096_r16_4096_xmdf.tcl
Adding
/home/cqt/digital-servo/firmware/ipcore_dir/tmp/_cg/fifo_generator_v8_2_readme.t
xt -view all -origin_type imported
Adding
/home/cqt/digital-servo/firmware/ipcore_dir/tmp/_cg/fifo_w16_4096_r16_4096.asy
-view all -origin_type imported
Adding
/home/cqt/digital-servo/firmware/ipcore_dir/tmp/_cg/fifo_w16_4096_r16_4096.ngc
-view all -origin_type created
Checking file
"/home/cqt/digital-servo/firmware/ipcore_dir/tmp/_cg/fifo_w16_4096_r16_4096.ngc"
for project device match ...
File
"/home/cqt/digital-servo/firmware/ipcore_dir/tmp/_cg/fifo_w16_4096_r16_4096.ngc"
device information matches project device.
Adding
/home/cqt/digital-servo/firmware/ipcore_dir/tmp/_cg/fifo_w16_4096_r16_4096.v
-view all -origin_type created
INFO:HDLCompiler:1845 - Analyzing Verilog file
   "/home/cqt/digital-servo/firmware/ipcore_dir/tmp/_cg/fifo_w16_4096_r16_4096.v
   " into library work
INFO:ProjectMgmt - Parsing design hierarchy completed successfully.
Adding
/home/cqt/digital-servo/firmware/ipcore_dir/tmp/_cg/fifo_w16_4096_r16_4096.veo
-view all -origin_type imported
Adding
/home/cqt/digital-servo/firmware/ipcore_dir/tmp/_cg/fifo_w16_4096_r16_4096.vhd
-view all -origin_type created
INFO:HDLCompiler:1061 - Parsing VHDL file
   "/home/cqt/digital-servo/firmware/ipcore_dir/tmp/_cg/fifo_w16_4096_r16_4096.v
   hd" into library work
INFO:ProjectMgmt - Parsing design hierarchy completed successfully.
Adding
/home/cqt/digital-servo/firmware/ipcore_dir/tmp/_cg/fifo_w16_4096_r16_4096.vho
-view all -origin_type imported
Adding
/home/cqt/digital-servo/firmware/ipcore_dir/tmp/_cg/fifo_w16_4096_r16_4096_upgra
de.txt -view all -origin_type imported
INFO:TclTasksC:2116 - The automatic calculation of top has been turned-off.
   Please set the new top explicitly by running the "project set top" command.
   To re-calculate the new top automatically, set the "Auto Implementation Top"
   property to true.
Top level has been set to "/fifo_w16_4096_r16_4096"
Generating README file...
Generating FLIST file...
INFO:sim:948 - Finished FLIST file generation.
Moving files to output directory...
Finished moving files to output directory
Saved CGP file for project 'coregen'.
Select Upgrade version, and Regenerate (Under Current Project Settings)INFO:sim:172 - Generating IP...
Applying current project options...
Finished applying current project options.
Starting IP Upgrade selector...
Finished IP upgrade selector.
Upgrading IP fifo_w256_128_r64_512 to Fifo Generator version 8.2
Launching upgrade viewer...
Launched upgrade viewer.
Resolving generics for 'fifo_w256_128_r64_512'...
WARNING:sim - A core named 'fifo_w256_128_r64_512' already exists in the
   project. Output products for this core may be overwritten.
Applying external generics to 'fifo_w256_128_r64_512'...
Delivering associated files for 'fifo_w256_128_r64_512'...
Delivering EJava files for 'fifo_w256_128_r64_512'...
Generating implementation netlist for 'fifo_w256_128_r64_512'...
INFO:sim - Pre-processing HDL files for 'fifo_w256_128_r64_512'...
WARNING:sim - BlackBox generator run option '-ifmt' found multiple times. Only
   the first occurence is considered.
Running synthesis for 'fifo_w256_128_r64_512'
Running ngcbuild...
Writing VHO instantiation template for 'fifo_w256_128_r64_512'...
Writing VEO instantiation template for 'fifo_w256_128_r64_512'...
Writing VHDL behavioral simulation model for 'fifo_w256_128_r64_512'...
Writing Verilog behavioral simulation model for 'fifo_w256_128_r64_512'...
Generating ASY schematic symbol...
INFO:sim:949 - Finished generation of ASY schematic symbol.
Generating metadata file...
Generating ISE project...
XCO file found: fifo_w256_128_r64_512.xco
XMDF file found: fifo_w256_128_r64_512_xmdf.tcl
Adding
/home/cqt/digital-servo/firmware/ipcore_dir/tmp/_cg/fifo_generator_v8_2_readme.t
xt -view all -origin_type imported
Adding
/home/cqt/digital-servo/firmware/ipcore_dir/tmp/_cg/fifo_w256_128_r64_512.asy
-view all -origin_type imported
Adding
/home/cqt/digital-servo/firmware/ipcore_dir/tmp/_cg/fifo_w256_128_r64_512.ngc
-view all -origin_type created
Checking file
"/home/cqt/digital-servo/firmware/ipcore_dir/tmp/_cg/fifo_w256_128_r64_512.ngc"
for project device match ...
File
"/home/cqt/digital-servo/firmware/ipcore_dir/tmp/_cg/fifo_w256_128_r64_512.ngc"
device information matches project device.
Adding
/home/cqt/digital-servo/firmware/ipcore_dir/tmp/_cg/fifo_w256_128_r64_512.v
-view all -origin_type created
INFO:HDLCompiler:1845 - Analyzing Verilog file
   "/home/cqt/digital-servo/firmware/ipcore_dir/tmp/_cg/fifo_w256_128_r64_512.v"
   into library work
INFO:ProjectMgmt - Parsing design hierarchy completed successfully.
Adding
/home/cqt/digital-servo/firmware/ipcore_dir/tmp/_cg/fifo_w256_128_r64_512.veo
-view all -origin_type imported
Adding
/home/cqt/digital-servo/firmware/ipcore_dir/tmp/_cg/fifo_w256_128_r64_512.vhd
-view all -origin_type created
INFO:HDLCompiler:1061 - Parsing VHDL file
   "/home/cqt/digital-servo/firmware/ipcore_dir/tmp/_cg/fifo_w256_128_r64_512.vh
   d" into library work
INFO:ProjectMgmt - Parsing design hierarchy completed successfully.
Adding
/home/cqt/digital-servo/firmware/ipcore_dir/tmp/_cg/fifo_w256_128_r64_512.vho
-view all -origin_type imported
Adding
/home/cqt/digital-servo/firmware/ipcore_dir/tmp/_cg/fifo_w256_128_r64_512_upgrad
e.txt -view all -origin_type imported
INFO:TclTasksC:2116 - The automatic calculation of top has been turned-off.
   Please set the new top explicitly by running the "project set top" command.
   To re-calculate the new top automatically, set the "Auto Implementation Top"
   property to true.
Top level has been set to "/fifo_w256_128_r64_512"
Generating README file...
Generating FLIST file...
INFO:sim:948 - Finished FLIST file generation.
Moving files to output directory...
Finished moving files to output directory
Saved CGP file for project 'coregen'.
Regenerate (Under Original Project Settings)INFO:sim:172 - Generating IP...
Resolving generics for 'fifo_w32_32_r32_32'...
WARNING:sim - A core named 'fifo_w32_32_r32_32' already exists in the project.
   Output products for this core may be overwritten.
Applying external generics to 'fifo_w32_32_r32_32'...
Delivering associated files for 'fifo_w32_32_r32_32'...
Delivering EJava files for 'fifo_w32_32_r32_32'...
Generating implementation netlist for 'fifo_w32_32_r32_32'...
INFO:sim - Pre-processing HDL files for 'fifo_w32_32_r32_32'...
WARNING:sim - BlackBox generator run option '-ifmt' found multiple times. Only
   the first occurence is considered.
Running synthesis for 'fifo_w32_32_r32_32'
Running ngcbuild...
Writing VHO instantiation template for 'fifo_w32_32_r32_32'...
Writing VEO instantiation template for 'fifo_w32_32_r32_32'...
Writing VHDL behavioral simulation model for 'fifo_w32_32_r32_32'...
Writing Verilog behavioral simulation model for 'fifo_w32_32_r32_32'...
Generating ASY schematic symbol...
INFO:sim:949 - Finished generation of ASY schematic symbol.
Generating metadata file...
Generating ISE project...
XCO file found: fifo_w32_32_r32_32.xco
XMDF file found: fifo_w32_32_r32_32_xmdf.tcl
Adding
/home/cqt/digital-servo/firmware/ipcore_dir/tmp/_cg/fifo_generator_v8_2_readme.t
xt -view all -origin_type imported
Adding
/home/cqt/digital-servo/firmware/ipcore_dir/tmp/_cg/fifo_w32_32_r32_32.asy -view
all -origin_type imported
Adding
/home/cqt/digital-servo/firmware/ipcore_dir/tmp/_cg/fifo_w32_32_r32_32.ngc -view
all -origin_type created
Checking file
"/home/cqt/digital-servo/firmware/ipcore_dir/tmp/_cg/fifo_w32_32_r32_32.ngc" for
project device match ...
File
"/home/cqt/digital-servo/firmware/ipcore_dir/tmp/_cg/fifo_w32_32_r32_32.ngc"
device information matches project device.
Adding /home/cqt/digital-servo/firmware/ipcore_dir/tmp/_cg/fifo_w32_32_r32_32.v
-view all -origin_type created
INFO:HDLCompiler:1845 - Analyzing Verilog file
   "/home/cqt/digital-servo/firmware/ipcore_dir/tmp/_cg/fifo_w32_32_r32_32.v"
   into library work
INFO:ProjectMgmt - Parsing design hierarchy completed successfully.
Adding
/home/cqt/digital-servo/firmware/ipcore_dir/tmp/_cg/fifo_w32_32_r32_32.veo -view
all -origin_type imported
Adding
/home/cqt/digital-servo/firmware/ipcore_dir/tmp/_cg/fifo_w32_32_r32_32.vhd -view
all -origin_type created
INFO:HDLCompiler:1061 - Parsing VHDL file
   "/home/cqt/digital-servo/firmware/ipcore_dir/tmp/_cg/fifo_w32_32_r32_32.vhd"
   into library work
INFO:ProjectMgmt - Parsing design hierarchy completed successfully.
Adding
/home/cqt/digital-servo/firmware/ipcore_dir/tmp/_cg/fifo_w32_32_r32_32.vho -view
all -origin_type imported
INFO:TclTasksC:2116 - The automatic calculation of top has been turned-off.
   Please set the new top explicitly by running the "project set top" command.
   To re-calculate the new top automatically, set the "Auto Implementation Top"
   property to true.
Top level has been set to "/fifo_w32_32_r32_32"
Generating README file...
Generating FLIST file...
INFO:sim:948 - Finished FLIST file generation.
Moving files to output directory...
Finished moving files to output directory
Saved CGP file for project 'coregen'.
Select Upgrade version, and Regenerate (Under Current Project Settings)INFO:sim:172 - Generating IP...
Applying current project options...
Finished applying current project options.
Starting IP Upgrade selector...
Finished IP upgrade selector.
Upgrading IP fifo_w64_512_r16_2048 to Fifo Generator version 8.2
Launching upgrade viewer...
Launched upgrade viewer.
Resolving generics for 'fifo_w64_512_r16_2048'...
WARNING:sim - A core named 'fifo_w64_512_r16_2048' already exists in the
   project. Output products for this core may be overwritten.
Applying external generics to 'fifo_w64_512_r16_2048'...
Delivering associated files for 'fifo_w64_512_r16_2048'...
Delivering EJava files for 'fifo_w64_512_r16_2048'...
Generating implementation netlist for 'fifo_w64_512_r16_2048'...
INFO:sim - Pre-processing HDL files for 'fifo_w64_512_r16_2048'...
WARNING:sim - BlackBox generator run option '-ifmt' found multiple times. Only
   the first occurence is considered.
Running synthesis for 'fifo_w64_512_r16_2048'
Running ngcbuild...
Writing VHO instantiation template for 'fifo_w64_512_r16_2048'...
Writing VEO instantiation template for 'fifo_w64_512_r16_2048'...
Writing VHDL behavioral simulation model for 'fifo_w64_512_r16_2048'...
Writing Verilog behavioral simulation model for 'fifo_w64_512_r16_2048'...
Generating ASY schematic symbol...
INFO:sim:949 - Finished generation of ASY schematic symbol.
Generating metadata file...
Generating ISE project...
XCO file found: fifo_w64_512_r16_2048.xco
XMDF file found: fifo_w64_512_r16_2048_xmdf.tcl
Adding
/home/cqt/digital-servo/firmware/ipcore_dir/tmp/_cg/fifo_generator_v8_2_readme.t
xt -view all -origin_type imported
Adding
/home/cqt/digital-servo/firmware/ipcore_dir/tmp/_cg/fifo_w64_512_r16_2048.asy
-view all -origin_type imported
Adding
/home/cqt/digital-servo/firmware/ipcore_dir/tmp/_cg/fifo_w64_512_r16_2048.ngc
-view all -origin_type created
Checking file
"/home/cqt/digital-servo/firmware/ipcore_dir/tmp/_cg/fifo_w64_512_r16_2048.ngc"
for project device match ...
File
"/home/cqt/digital-servo/firmware/ipcore_dir/tmp/_cg/fifo_w64_512_r16_2048.ngc"
device information matches project device.
Adding
/home/cqt/digital-servo/firmware/ipcore_dir/tmp/_cg/fifo_w64_512_r16_2048.v
-view all -origin_type created
INFO:HDLCompiler:1845 - Analyzing Verilog file
   "/home/cqt/digital-servo/firmware/ipcore_dir/tmp/_cg/fifo_w64_512_r16_2048.v"
   into library work
INFO:ProjectMgmt - Parsing design hierarchy completed successfully.
Adding
/home/cqt/digital-servo/firmware/ipcore_dir/tmp/_cg/fifo_w64_512_r16_2048.veo
-view all -origin_type imported
Adding
/home/cqt/digital-servo/firmware/ipcore_dir/tmp/_cg/fifo_w64_512_r16_2048.vhd
-view all -origin_type created
INFO:HDLCompiler:1061 - Parsing VHDL file
   "/home/cqt/digital-servo/firmware/ipcore_dir/tmp/_cg/fifo_w64_512_r16_2048.vh
   d" into library work
INFO:ProjectMgmt - Parsing design hierarchy completed successfully.
Adding
/home/cqt/digital-servo/firmware/ipcore_dir/tmp/_cg/fifo_w64_512_r16_2048.vho
-view all -origin_type imported
Adding
/home/cqt/digital-servo/firmware/ipcore_dir/tmp/_cg/fifo_w64_512_r16_2048_upgrad
e.txt -view all -origin_type imported
INFO:TclTasksC:2116 - The automatic calculation of top has been turned-off.
   Please set the new top explicitly by running the "project set top" command.
   To re-calculate the new top automatically, set the "Auto Implementation Top"
   property to true.
Top level has been set to "/fifo_w64_512_r16_2048"
Generating README file...
Generating FLIST file...
INFO:sim:948 - Finished FLIST file generation.
Moving files to output directory...
Finished moving files to output directory
Saved CGP file for project 'coregen'.
Regenerate (Under Original Project Settings)INFO:sim:172 - Generating IP...
Resolving generics for 'multiplier35x35'...
WARNING:sim - A core named 'multiplier35x35' already exists in the project.
   Output products for this core may be overwritten.
Applying external generics to 'multiplier35x35'...
Delivering associated files for 'multiplier35x35'...
Generating implementation netlist for 'multiplier35x35'...
INFO:sim - Pre-processing HDL files for 'multiplier35x35'...
Running synthesis for 'multiplier35x35'
Running ngcbuild...
Writing VHO instantiation template for 'multiplier35x35'...
Writing VEO instantiation template for 'multiplier35x35'...
Writing VHDL behavioral simulation model for 'multiplier35x35'...
WARNING:sim - Verilog simulation file type 'Behavioral' is not valid for this
   core. Overriding with simulation file type 'Structural'.
Writing Verilog structural simulation model for 'multiplier35x35'...
Delivered 3 files into directory
/home/cqt/digital-servo/firmware/ipcore_dir/tmp/_cg/multiplier35x35
Delivered 1 file into directory
/home/cqt/digital-servo/firmware/ipcore_dir/tmp/_cg/multiplier35x35
Generating ASY schematic symbol...
INFO:sim:949 - Finished generation of ASY schematic symbol.
Generating metadata file...
Generating ISE project file for 'multiplier35x35'...
Generating ISE project...
XCO file found: multiplier35x35.xco
XMDF file found: multiplier35x35_xmdf.tcl
Adding /home/cqt/digital-servo/firmware/ipcore_dir/tmp/_cg/multiplier35x35.asy
-view all -origin_type imported
Adding /home/cqt/digital-servo/firmware/ipcore_dir/tmp/_cg/multiplier35x35.ngc
-view all -origin_type created
Checking file
"/home/cqt/digital-servo/firmware/ipcore_dir/tmp/_cg/multiplier35x35.ngc" for
project device match ...
File "/home/cqt/digital-servo/firmware/ipcore_dir/tmp/_cg/multiplier35x35.ngc"
device information matches project device.
Adding /home/cqt/digital-servo/firmware/ipcore_dir/tmp/_cg/multiplier35x35.v
-view all -origin_type created
INFO:HDLCompiler:1845 - Analyzing Verilog file
   "/home/cqt/digital-servo/firmware/ipcore_dir/tmp/_cg/multiplier35x35.v" into
   library work
INFO:ProjectMgmt - Parsing design hierarchy completed successfully.
Adding /home/cqt/digital-servo/firmware/ipcore_dir/tmp/_cg/multiplier35x35.veo
-view all -origin_type imported
Adding /home/cqt/digital-servo/firmware/ipcore_dir/tmp/_cg/multiplier35x35.vhd
-view all -origin_type created
INFO:HDLCompiler:1061 - Parsing VHDL file
   "/home/cqt/digital-servo/firmware/ipcore_dir/tmp/_cg/multiplier35x35.vhd"
   into library work
INFO:ProjectMgmt - Parsing design hierarchy completed successfully.
Adding /home/cqt/digital-servo/firmware/ipcore_dir/tmp/_cg/multiplier35x35.vho
-view all -origin_type imported
INFO:TclTasksC:2116 - The automatic calculation of top has been turned-off.
   Please set the new top explicitly by running the "project set top" command.
   To re-calculate the new top automatically, set the "Auto Implementation Top"
   property to true.
Top level has been set to "/multiplier35x35"
Generating README file...
Generating FLIST file...
INFO:sim:948 - Finished FLIST file generation.
Moving files to output directory...
Finished moving files to output directory
Saved CGP file for project 'coregen'.
View Readme FileINFO:sim:172 - Generating IP...
Launching README viewer...
ERROR:sim - Failed to launch README viewer.
Recustomize and Generate (Under Original Project Settings)INFO:sim:172 - Generating IP...
Customizing IP...
Release 14.7 - Xilinx CORE Generator IP GUI Launcher P.20131013 (lin64)
Copyright (c) 1995-2013 Xilinx, Inc.  All rights reserved.
Finished Customizing.
Generating IP...
WARNING:sim:471 - The chosen IP does not support a VHDL behavioral model,
   generating a VHDL structural model instead.
WARNING:sim:472 - The chosen IP does not support a Verilog behavioral model,
   generating a Verilog structural model instead.
WARNING:sim:89 - A core named <div_32_16> already exists in the output
   directory. Output products for this core may be overwritten.
ERROR:coreutil - Error occurred during initialization of VM
   java/lang/NoClassDefFoundError: java/lang/Object
ERROR:coreutil:1012 - Command '/bin/sh -c
   '/opt/Xilinx/14.7/ISE_DS/ISE/java/lin64/jre/bin/java   -cp
   ".:/opt/Xilinx/14.7/ISE_DS/ISE/coregen/lib/coreutil.jar:/opt/Xilinx/14.7/ISE_
   DS/ISE/coregen/lib/sim.jar:/opt/Xilinx/14.7/ISE_DS/ISE/coregen/lib/xcc.jar:/o
   pt/Xilinx/14.7/ISE_DS/ISE/coregen/lib/encore.jar:" -Djava.compiler=NONE
   -Xmx2048m -Xms10m -Xss1m -XX:-UsePerfData -d64
   com.xilinx.sim.netlisters.GenerationAPI   -cg_exp_inp ./tmp/_cg/xil_2G5Aa8.in
   -cg_exp_out ./tmp/_cg/xil_2G5Aa8.out'' returned a non-zero exit code '1'
ERROR:sim - Error found during generation.
WARNING:sim:381 - Unable to determine location of PDF viewer
WARNING:sim:381 - Unable to determine location of PDF viewer
Regenerate (Under Original Project Settings)INFO:sim:172 - Generating IP...
Resolving generic values...
Finished resolving generic values.
Generating IP...
WARNING:sim:471 - The chosen IP does not support a VHDL behavioral model,
   generating a VHDL structural model instead.
WARNING:sim:472 - The chosen IP does not support a Verilog behavioral model,
   generating a Verilog structural model instead.
WARNING:sim:89 - A core named <div_32_16> already exists in the output
   directory. Output products for this core may be overwritten.
ERROR:coreutil - Error occurred during initialization of VM
   java/lang/NoClassDefFoundError: java/lang/Object
ERROR:coreutil:1012 - Command '/bin/sh -c
   '/opt/Xilinx/14.7/ISE_DS/ISE/java/lin64/jre/bin/java   -cp
   ".:/opt/Xilinx/14.7/ISE_DS/ISE/coregen/lib/coreutil.jar:/opt/Xilinx/14.7/ISE_
   DS/ISE/coregen/lib/sim.jar:/opt/Xilinx/14.7/ISE_DS/ISE/coregen/lib/xcc.jar:/o
   pt/Xilinx/14.7/ISE_DS/ISE/coregen/lib/encore.jar:" -Djava.compiler=NONE
   -Xmx1024m -Xms10m -Xss1m -XX:-UsePerfData -d64
   com.xilinx.sim.netlisters.GenerationAPI   -cg_exp_inp ./tmp/_cg/xil_6iXFwb.in
   -cg_exp_out ./tmp/_cg/xil_6iXFwb.out'' returned a non-zero exit code '1'
ERROR:sim - Error found during generation.
WARNING:sim:381 - Unable to determine location of PDF viewer
WARNING:sim:381 - Unable to determine location of PDF viewer
Regenerate (Under Original Project Settings)INFO:sim:172 - Generating IP...
Resolving generic values...
Finished resolving generic values.
Generating IP...
WARNING:sim:471 - The chosen IP does not support a VHDL behavioral model,
   generating a VHDL structural model instead.
WARNING:sim:472 - The chosen IP does not support a Verilog behavioral model,
   generating a Verilog structural model instead.
WARNING:sim:89 - A core named <div_32_16> already exists in the output
   directory. Output products for this core may be overwritten.
ERROR:coreutil - Error occurred during initialization of VM
   java/lang/NoClassDefFoundError: java/lang/Object
ERROR:coreutil:1012 - Command '/bin/sh -c
   '/opt/Xilinx/14.7/ISE_DS/ISE/java/lin64/jre/bin/java   -cp
   ".:/opt/Xilinx/14.7/ISE_DS/ISE/coregen/lib/coreutil.jar:/opt/Xilinx/14.7/ISE_
   DS/ISE/coregen/lib/sim.jar:/opt/Xilinx/14.7/ISE_DS/ISE/coregen/lib/xcc.jar:/o
   pt/Xilinx/14.7/ISE_DS/ISE/coregen/lib/encore.jar:" -Djava.compiler=NONE
   -Xmx512m -Xms10m -Xss1m -XX:-UsePerfData -d64
   com.xilinx.sim.netlisters.GenerationAPI   -cg_exp_inp ./tmp/_cg/xil_yeY507.in
   -cg_exp_out ./tmp/_cg/xil_yeY507.out'' returned a non-zero exit code '1'
ERROR:sim - Error found during generation.
WARNING:sim:381 - Unable to determine location of PDF viewer
WARNING:sim:381 - Unable to determine location of PDF viewer
Regenerate (Under Original Project Settings)INFO:sim:172 - Generating IP...
Resolving generic values...
Finished resolving generic values.
Generating IP...
WARNING:sim:471 - The chosen IP does not support a VHDL behavioral model,
   generating a VHDL structural model instead.
WARNING:sim:472 - The chosen IP does not support a Verilog behavioral model,
   generating a Verilog structural model instead.
WARNING:sim:89 - A core named <div_32_16> already exists in the output
   directory. Output products for this core may be overwritten.
ERROR:coreutil - Error occurred during initialization of VM
   java/lang/NoClassDefFoundError: java/lang/Object
ERROR:coreutil:1012 - Command '/bin/sh -c
   '/opt/Xilinx/14.7/ISE_DS/ISE/java/lin64/jre/bin/java   -cp
   ".:/opt/Xilinx/14.7/ISE_DS/ISE/coregen/lib/coreutil.jar:/opt/Xilinx/14.7/ISE_
   DS/ISE/coregen/lib/sim.jar:/opt/Xilinx/14.7/ISE_DS/ISE/coregen/lib/xcc.jar:/o
   pt/Xilinx/14.7/ISE_DS/ISE/coregen/lib/encore.jar:" -Djava.compiler=NONE
   -Xmx256m -Xms10m -Xss1m -XX:-UsePerfData -d64
   com.xilinx.sim.netlisters.GenerationAPI   -cg_exp_inp ./tmp/_cg/xil_TqsSu7.in
   -cg_exp_out ./tmp/_cg/xil_TqsSu7.out'' returned a non-zero exit code '1'
ERROR:sim - Error found during generation.
WARNING:sim:381 - Unable to determine location of PDF viewer
WARNING:sim:381 - Unable to determine location of PDF viewer
WARNING:sim:381 - Unable to determine location of PDF viewer
WARNING:sim:381 - Unable to determine location of PDF viewer
Regenerate (Under Original Project Settings)INFO:sim:172 - Generating IP...
Resolving generic values...
Finished resolving generic values.
Generating IP...
WARNING:sim:471 - The chosen IP does not support a VHDL behavioral model,
   generating a VHDL structural model instead.
WARNING:sim:472 - The chosen IP does not support a Verilog behavioral model,
   generating a Verilog structural model instead.
WARNING:sim:89 - A core named <div_32_16> already exists in the output
   directory. Output products for this core may be overwritten.
ERROR:coreutil - Error occurred during initialization of VM
   java/lang/NoClassDefFoundError: java/lang/Object
ERROR:coreutil:1012 - Command '/bin/sh -c
   '/opt/Xilinx/14.7/ISE_DS/ISE/java/lin64/jre/bin/java   -cp
   ".:/opt/Xilinx/14.7/ISE_DS/ISE/coregen/lib/coreutil.jar:/opt/Xilinx/14.7/ISE_
   DS/ISE/coregen/lib/sim.jar:/opt/Xilinx/14.7/ISE_DS/ISE/coregen/lib/xcc.jar:/o
   pt/Xilinx/14.7/ISE_DS/ISE/coregen/lib/encore.jar:" -Djava.compiler=NONE
   -Xmx4000m -Xms10m -Xss1m -XX:-UsePerfData -d64
   com.xilinx.sim.netlisters.GenerationAPI   -cg_exp_inp ./tmp/_cg/xil_mNopPa.in
   -cg_exp_out ./tmp/_cg/xil_mNopPa.out'' returned a non-zero exit code '1'
ERROR:sim - Error found during generation.
WARNING:sim:381 - Unable to determine location of PDF viewer
WARNING:sim:381 - Unable to determine location of PDF viewer
Regenerate (Under Original Project Settings)INFO:sim:172 - Generating IP...
Resolving generic values...
Finished resolving generic values.
Generating IP...
WARNING:sim:471 - The chosen IP does not support a VHDL behavioral model,
   generating a VHDL structural model instead.
WARNING:sim:472 - The chosen IP does not support a Verilog behavioral model,
   generating a Verilog structural model instead.
WARNING:sim:89 - A core named <div_32_16> already exists in the output
   directory. Output products for this core may be overwritten.
XST: HDL Parsing
XST: HDL Elaboration
XST: HDL Synthesis
XST: Advanced HDL Synthesis
XST: Low Level Synthesis
XST: Partition Report
XST: Design Summary
Generating Implementation files.
Generating NGC file.
Generating VHDL structural model.
Generating Verilog structural model.
Finished Generation.
Generating IP instantiation template...
Generating ASY schematic symbol...
INFO:sim:949 - Finished generation of ASY schematic symbol.
Generating metadata file...
Generating ISE project...
XCO file found: div_32_16.xco
XMDF file found: div_32_16_xmdf.tcl
Adding /home/cqt/digital-servo/firmware/ipcore_dir/tmp/_cg/div_32_16.asy -view
all -origin_type imported
Adding /home/cqt/digital-servo/firmware/ipcore_dir/tmp/_cg/div_32_16.ngc -view
all -origin_type created
Checking file
"/home/cqt/digital-servo/firmware/ipcore_dir/tmp/_cg/div_32_16.ngc" for project
device match ...
File "/home/cqt/digital-servo/firmware/ipcore_dir/tmp/_cg/div_32_16.ngc" device
information matches project device.
Adding /home/cqt/digital-servo/firmware/ipcore_dir/tmp/_cg/div_32_16.v -view all
-origin_type created
INFO:HDLCompiler:1845 - Analyzing Verilog file
   "/home/cqt/digital-servo/firmware/ipcore_dir/tmp/_cg/div_32_16.v" into
   library work
INFO:ProjectMgmt - Parsing design hierarchy completed successfully.
Adding /home/cqt/digital-servo/firmware/ipcore_dir/tmp/_cg/div_32_16.veo -view
all -origin_type imported
Adding /home/cqt/digital-servo/firmware/ipcore_dir/tmp/_cg/div_32_16.vhd -view
all -origin_type created
INFO:HDLCompiler:1061 - Parsing VHDL file
   "/home/cqt/digital-servo/firmware/ipcore_dir/tmp/_cg/div_32_16.vhd" into
   library work
INFO:ProjectMgmt - Parsing design hierarchy completed successfully.
Adding /home/cqt/digital-servo/firmware/ipcore_dir/tmp/_cg/div_32_16.vho -view
all -origin_type imported
INFO:TclTasksC:2116 - The automatic calculation of top has been turned-off.
   Please set the new top explicitly by running the "project set top" command.
   To re-calculate the new top automatically, set the "Auto Implementation Top"
   property to true.
Top level has been set to "/div_32_16"
Generating README file...
Generating FLIST file...
INFO:sim:948 - Finished FLIST file generation.
Moving files to output directory...
Finished moving files to output directory
Saved CGP file for project 'coregen'.
Closed project file.
